<?xml version="1.0" encoding="UTF-8"?>
<testng-results ignored="0" total="1" passed="1" failed="0" skipped="0">
  <reporter-output>
  </reporter-output>
  <suite started-at="2022-01-01T09:41:12Z" name="Default suite" finished-at="2022-01-01T09:41:18Z" duration-ms="5512">
    <groups>
    </groups>
    <test started-at="2022-01-01T09:41:12Z" name="Default test" finished-at="2022-01-01T09:41:18Z" duration-ms="5512">
      <class name="java8.by.locatorstrategy.LocatorStrategy">
        <test-method signature="locatorStrategyTest()[pri:0, instance:java8.by.locatorstrategy.LocatorStrategy@3bd323e9]" started-at="2022-01-01T09:41:12Z" name="locatorStrategyTest" finished-at="2022-01-01T09:41:18Z" duration-ms="5477" status="PASS">
          <reporter-output>
          </reporter-output>
        </test-method> <!-- locatorStrategyTest -->
      </class> <!-- java8.by.locatorstrategy.LocatorStrategy -->
    </test> <!-- Default test -->
  </suite> <!-- Default suite -->
</testng-results>
